2022-08-24 15:34:17,714 : INFO : test_driver : Online Shopping site in India: Shop Online for Mobiles, Books, Watches, Shoes and More - Amazon.in
2022-08-24 15:34:19,242 : INFO : test_search : Iphone Search Successfully
2022-08-24 15:34:19,276 : INFO : test_results : Total Iphone from Results 18
2022-08-24 15:34:19,555 : INFO : test_results : Iphone List ['Apple iPhone 13 (256GB) - Blue', 'Apple iPhone 13 Pro Max (128GB) - Sierra Blue', 'Apple iPhone 13 (128GB) - Green', 'Apple iPhone 13 (256GB) - Midnight', 'Apple iPhone 13 (256GB) - Pink', 'Apple iPhone 13 (256 GB) - Green', 'Apple iPhone 13 (256GB) - Starlight', 'Apple iPhone 13 (256GB) - Blue', 'Apple iPhone 13 (256GB) - (Product) RED', 'Apple iPhone 13 Mini (128GB) - Midnight', 'Apple iPhone 13 Mini (128GB) - (Product) RED', 'Apple iPhone 13 (512GB) - Blue', 'Apple iPhone 13 Mini (256GB) - Pink', 'Apple iPhone 13 Mini (256GB) - Blue', 'Apple iPhone 13 (512GB) - (Product) RED', 'Apple iPhone 13 Mini (256GB) - Starlight', 'Apple iPhone 13 Pro Max (128GB) - Sierra Blue', 'Apple iPhone 13 Mini (256 GB) - Green']
2022-08-24 15:34:19,555 : INFO : test_results : Iphone List ['Apple iPhone 13 (256GB) - Blue', 'Apple iPhone 13 Pro Max (128GB) - Sierra Blue', 'Apple iPhone 13 (128GB) - Green', 'Apple iPhone 13 (256GB) - Midnight', 'Apple iPhone 13 (256GB) - Pink', 'Apple iPhone 13 (256 GB) - Green', 'Apple iPhone 13 (256GB) - Starlight', 'Apple iPhone 13 (256GB) - Blue', 'Apple iPhone 13 (256GB) - (Product) RED', 'Apple iPhone 13 Mini (128GB) - Midnight', 'Apple iPhone 13 Mini (128GB) - (Product) RED', 'Apple iPhone 13 (512GB) - Blue', 'Apple iPhone 13 Mini (256GB) - Pink', 'Apple iPhone 13 Mini (256GB) - Blue', 'Apple iPhone 13 (512GB) - (Product) RED', 'Apple iPhone 13 Mini (256GB) - Starlight', 'Apple iPhone 13 Pro Max (128GB) - Sierra Blue', 'Apple iPhone 13 Mini (256 GB) - Green']
2022-08-24 15:34:25,191 : INFO : test_fourthiphone_page : Successfully switch to the new tab and click on Buy Button
2022-08-24 15:34:25,252 : INFO : test_sign_page : Email id Entered
2022-08-24 15:34:26,188 : INFO : test_sign_page : Successfully click to the Continue Button
2022-08-24 15:34:26,188 : INFO : test_sign_page : Successfully click to the Continue Button
2022-08-24 15:34:26,227 : INFO : test_sign_page : Password Entered
2022-08-24 15:34:26,227 : INFO : test_sign_page : Password Entered
2022-08-24 15:34:26,227 : INFO : test_sign_page : Password Entered
2022-08-24 15:34:26,278 : INFO : test_sign_page : Successfully click Sign Button
2022-08-24 15:34:26,278 : INFO : test_sign_page : Successfully click Sign Button
2022-08-24 15:34:26,278 : INFO : test_sign_page : Successfully click Sign Button
2022-08-24 15:34:26,278 : INFO : test_sign_page : Successfully click Sign Button
2022-08-24 15:34:28,259 : INFO : test_sign_page : Message To better protect your account, please re-enter your password and then enter the characters as they are shown in the image below.
2022-08-24 15:34:28,259 : INFO : test_sign_page : Message To better protect your account, please re-enter your password and then enter the characters as they are shown in the image below.
2022-08-24 15:34:28,259 : INFO : test_sign_page : Message To better protect your account, please re-enter your password and then enter the characters as they are shown in the image below.
2022-08-24 15:34:28,259 : INFO : test_sign_page : Message To better protect your account, please re-enter your password and then enter the characters as they are shown in the image below.
2022-08-24 15:34:28,259 : INFO : test_sign_page : Message To better protect your account, please re-enter your password and then enter the characters as they are shown in the image below.
2022-08-24 15:34:28,322 : INFO : test_sign_page : Sign page closed
2022-08-24 15:34:28,322 : INFO : test_sign_page : Sign page closed
2022-08-24 15:34:28,322 : INFO : test_sign_page : Sign page closed
2022-08-24 15:34:28,322 : INFO : test_sign_page : Sign page closed
2022-08-24 15:34:28,322 : INFO : test_sign_page : Sign page closed
2022-08-24 15:34:28,322 : INFO : test_sign_page : Sign page closed
2022-08-24 15:35:02,921 : INFO : test_driver : Online Shopping site in India: Shop Online for Mobiles, Books, Watches, Shoes and More - Amazon.in
2022-08-24 15:35:04,309 : INFO : test_search : Iphone Search Successfully
2022-08-24 15:35:04,331 : INFO : test_results : Total Iphone from Results 18
2022-08-24 15:35:04,586 : INFO : test_results : Iphone List ['Apple iPhone 13 (128GB) - Green', 'Apple iPhone 13 Pro Max (128GB) - Sierra Blue', 'Apple iPhone 13 (128GB) - Green', 'Apple iPhone 13 (256GB) - Midnight', 'Apple iPhone 13 (256GB) - Pink', 'Apple iPhone 13 (256 GB) - Green', 'Apple iPhone 13 (256GB) - Starlight', 'Apple iPhone 13 (256GB) - Blue', 'Apple iPhone 13 (256GB) - (Product) RED', 'Apple iPhone 13 Mini (128GB) - Midnight', 'Apple iPhone 13 Mini (128GB) - (Product) RED', 'Apple iPhone 13 (512GB) - Starlight', 'Apple iPhone 13 (512GB) - Blue', 'Apple iPhone 13 Mini (256GB) - Pink', 'Apple iPhone 13 Mini (256GB) - Blue', 'Apple iPhone 13 (512GB) - (Product) RED', 'Apple iPhone 13 Mini (256GB) - Starlight', 'Apple iPhone 13 (512 GB) - Green']
2022-08-24 15:35:04,586 : INFO : test_results : Iphone List ['Apple iPhone 13 (128GB) - Green', 'Apple iPhone 13 Pro Max (128GB) - Sierra Blue', 'Apple iPhone 13 (128GB) - Green', 'Apple iPhone 13 (256GB) - Midnight', 'Apple iPhone 13 (256GB) - Pink', 'Apple iPhone 13 (256 GB) - Green', 'Apple iPhone 13 (256GB) - Starlight', 'Apple iPhone 13 (256GB) - Blue', 'Apple iPhone 13 (256GB) - (Product) RED', 'Apple iPhone 13 Mini (128GB) - Midnight', 'Apple iPhone 13 Mini (128GB) - (Product) RED', 'Apple iPhone 13 (512GB) - Starlight', 'Apple iPhone 13 (512GB) - Blue', 'Apple iPhone 13 Mini (256GB) - Pink', 'Apple iPhone 13 Mini (256GB) - Blue', 'Apple iPhone 13 (512GB) - (Product) RED', 'Apple iPhone 13 Mini (256GB) - Starlight', 'Apple iPhone 13 (512 GB) - Green']
2022-08-24 15:35:10,272 : INFO : test_fourthiphone_page : Successfully switch to the new tab and click on Buy Button
2022-08-24 15:35:10,330 : INFO : test_sign_page : Email id Entered
2022-08-24 15:35:11,228 : INFO : test_sign_page : Successfully click to the Continue Button
2022-08-24 15:35:11,228 : INFO : test_sign_page : Successfully click to the Continue Button
2022-08-24 15:35:11,266 : INFO : test_sign_page : Password Entered
2022-08-24 15:35:11,266 : INFO : test_sign_page : Password Entered
2022-08-24 15:35:11,266 : INFO : test_sign_page : Password Entered
2022-08-24 15:35:11,319 : INFO : test_sign_page : Successfully click Sign Button
2022-08-24 15:35:11,319 : INFO : test_sign_page : Successfully click Sign Button
2022-08-24 15:35:11,319 : INFO : test_sign_page : Successfully click Sign Button
2022-08-24 15:35:11,319 : INFO : test_sign_page : Successfully click Sign Button
2022-08-24 15:35:13,384 : INFO : test_sign_page : Message To better protect your account, please re-enter your password and then enter the characters as they are shown in the image below.
2022-08-24 15:35:13,384 : INFO : test_sign_page : Message To better protect your account, please re-enter your password and then enter the characters as they are shown in the image below.
2022-08-24 15:35:13,384 : INFO : test_sign_page : Message To better protect your account, please re-enter your password and then enter the characters as they are shown in the image below.
2022-08-24 15:35:13,384 : INFO : test_sign_page : Message To better protect your account, please re-enter your password and then enter the characters as they are shown in the image below.
2022-08-24 15:35:13,384 : INFO : test_sign_page : Message To better protect your account, please re-enter your password and then enter the characters as they are shown in the image below.
2022-08-24 15:35:13,445 : INFO : test_sign_page : Sign page closed
2022-08-24 15:35:13,445 : INFO : test_sign_page : Sign page closed
2022-08-24 15:35:13,445 : INFO : test_sign_page : Sign page closed
2022-08-24 15:35:13,445 : INFO : test_sign_page : Sign page closed
2022-08-24 15:35:13,445 : INFO : test_sign_page : Sign page closed
2022-08-24 15:35:13,445 : INFO : test_sign_page : Sign page closed
2022-08-24 15:37:06,602 : INFO : test_driver : Online Shopping site in India: Shop Online for Mobiles, Books, Watches, Shoes and More - Amazon.in
2022-08-24 15:37:08,166 : INFO : test_search : Iphone Search Successfully
2022-08-24 15:37:08,183 : INFO : test_results : Total Iphone from Results 18
2022-08-24 15:37:08,449 : INFO : test_results : Iphone List ['Apple iPhone 13 (128GB) - Green', 'Apple iPhone 13 Pro Max (128GB) - Sierra Blue', 'Apple iPhone 13 (128GB) - Green', 'Apple iPhone 13 (256GB) - Midnight', 'Apple iPhone 13 (256GB) - Pink', 'Apple iPhone 13 (256 GB) - Green', 'Apple iPhone 13 (256GB) - Starlight', 'Apple iPhone 13 (256GB) - Blue', 'Apple iPhone 13 (256GB) - (Product) RED', 'Apple iPhone 13 Mini (128GB) - Midnight', 'Apple iPhone 13 Mini (128GB) - (Product) RED', 'Apple iPhone 13 Mini (256GB) - Pink', 'Apple iPhone 13 Mini (256GB) - Blue', 'Apple iPhone 13 (512GB) - (Product) RED', 'Apple iPhone 13 Mini (256GB) - Starlight', 'Apple iPhone 13 Pro Max (128GB) - Sierra Blue', 'Apple iPhone 13 Mini (256 GB) - Green', 'Apple iPhone 13 Pro Max (256GB) - Sierra Blue']
2022-08-24 15:37:08,449 : INFO : test_results : Iphone List ['Apple iPhone 13 (128GB) - Green', 'Apple iPhone 13 Pro Max (128GB) - Sierra Blue', 'Apple iPhone 13 (128GB) - Green', 'Apple iPhone 13 (256GB) - Midnight', 'Apple iPhone 13 (256GB) - Pink', 'Apple iPhone 13 (256 GB) - Green', 'Apple iPhone 13 (256GB) - Starlight', 'Apple iPhone 13 (256GB) - Blue', 'Apple iPhone 13 (256GB) - (Product) RED', 'Apple iPhone 13 Mini (128GB) - Midnight', 'Apple iPhone 13 Mini (128GB) - (Product) RED', 'Apple iPhone 13 Mini (256GB) - Pink', 'Apple iPhone 13 Mini (256GB) - Blue', 'Apple iPhone 13 (512GB) - (Product) RED', 'Apple iPhone 13 Mini (256GB) - Starlight', 'Apple iPhone 13 Pro Max (128GB) - Sierra Blue', 'Apple iPhone 13 Mini (256 GB) - Green', 'Apple iPhone 13 Pro Max (256GB) - Sierra Blue']
2022-08-24 15:37:13,635 : INFO : test_fourthiphone_page : Successfully switch to the new tab and click on Buy Button
2022-08-24 15:37:13,734 : INFO : test_sign_page : Email id Entered
2022-08-24 15:37:14,703 : INFO : test_sign_page : Successfully click to the Continue Button
2022-08-24 15:37:14,703 : INFO : test_sign_page : Successfully click to the Continue Button
2022-08-24 15:37:14,749 : INFO : test_sign_page : Password Entered
2022-08-24 15:37:14,749 : INFO : test_sign_page : Password Entered
2022-08-24 15:37:14,749 : INFO : test_sign_page : Password Entered
2022-08-24 15:37:14,802 : INFO : test_sign_page : Successfully click Sign Button
2022-08-24 15:37:14,802 : INFO : test_sign_page : Successfully click Sign Button
2022-08-24 15:37:14,802 : INFO : test_sign_page : Successfully click Sign Button
2022-08-24 15:37:14,802 : INFO : test_sign_page : Successfully click Sign Button
2022-08-24 15:37:16,999 : INFO : test_sign_page : Message To better protect your account, please re-enter your password and then enter the characters as they are shown in the image below.
2022-08-24 15:37:16,999 : INFO : test_sign_page : Message To better protect your account, please re-enter your password and then enter the characters as they are shown in the image below.
2022-08-24 15:37:16,999 : INFO : test_sign_page : Message To better protect your account, please re-enter your password and then enter the characters as they are shown in the image below.
2022-08-24 15:37:16,999 : INFO : test_sign_page : Message To better protect your account, please re-enter your password and then enter the characters as they are shown in the image below.
2022-08-24 15:37:16,999 : INFO : test_sign_page : Message To better protect your account, please re-enter your password and then enter the characters as they are shown in the image below.
2022-08-24 15:37:17,063 : INFO : test_sign_page : Sign page closed
2022-08-24 15:37:17,063 : INFO : test_sign_page : Sign page closed
2022-08-24 15:37:17,063 : INFO : test_sign_page : Sign page closed
2022-08-24 15:37:17,063 : INFO : test_sign_page : Sign page closed
2022-08-24 15:37:17,063 : INFO : test_sign_page : Sign page closed
2022-08-24 15:37:17,063 : INFO : test_sign_page : Sign page closed
2022-08-24 15:44:16,560 : INFO : test_driver : Online Shopping site in India: Shop Online for Mobiles, Books, Watches, Shoes and More - Amazon.in
2022-08-24 15:44:16,716 : INFO : test_search : Iphone Search Successfully
2022-08-24 15:44:17,545 : INFO : test_results : Total Iphone from Results 1
2022-08-24 15:44:17,561 : INFO : test_results : Iphone List ['Apple iPhone 13 (128GB) - Green']
2022-08-24 15:44:17,561 : INFO : test_results : Iphone List ['Apple iPhone 13 (128GB) - Green']
2022-08-24 15:46:56,889 : INFO : test_driver : Online Shopping site in India: Shop Online for Mobiles, Books, Watches, Shoes and More - Amazon.in
2022-08-24 15:46:58,307 : INFO : test_search : Iphone Search Successfully
2022-08-24 15:46:58,327 : INFO : test_results : Total Iphone from Results 18
2022-08-24 15:46:58,589 : INFO : test_results : Iphone List ['Apple iPhone 13 (128GB) - Green', 'Apple iPhone 13 Pro Max (128GB) - Sierra Blue', 'Apple iPhone 13 (128GB) - Green', 'Apple iPhone 13 (256GB) - Pink', 'Apple iPhone 13 (256GB) - Midnight', 'Apple iPhone 13 (256 GB) - Green', 'Apple iPhone 13 (256GB) - Starlight', 'Apple iPhone 13 (256GB) - Blue', 'Apple iPhone 13 (256GB) - (Product) RED', 'Apple iPhone 13 Mini (128GB) - (Product) RED', 'Apple iPhone 13 Mini (256GB) - Pink', 'Apple iPhone 13 Mini (256GB) - Blue', 'Apple iPhone 13 (512GB) - (Product) RED', 'Apple iPhone 13 Mini (256GB) - Starlight', 'Apple iPhone 13 Mini (128GB) - Midnight', 'Apple iPhone 13 Pro Max (128GB) - Sierra Blue', 'Apple iPhone 13 Mini (256 GB) - Green', 'Apple iPhone 13 Pro Max (256GB) - Sierra Blue']
2022-08-24 15:46:58,589 : INFO : test_results : Iphone List ['Apple iPhone 13 (128GB) - Green', 'Apple iPhone 13 Pro Max (128GB) - Sierra Blue', 'Apple iPhone 13 (128GB) - Green', 'Apple iPhone 13 (256GB) - Pink', 'Apple iPhone 13 (256GB) - Midnight', 'Apple iPhone 13 (256 GB) - Green', 'Apple iPhone 13 (256GB) - Starlight', 'Apple iPhone 13 (256GB) - Blue', 'Apple iPhone 13 (256GB) - (Product) RED', 'Apple iPhone 13 Mini (128GB) - (Product) RED', 'Apple iPhone 13 Mini (256GB) - Pink', 'Apple iPhone 13 Mini (256GB) - Blue', 'Apple iPhone 13 (512GB) - (Product) RED', 'Apple iPhone 13 Mini (256GB) - Starlight', 'Apple iPhone 13 Mini (128GB) - Midnight', 'Apple iPhone 13 Pro Max (128GB) - Sierra Blue', 'Apple iPhone 13 Mini (256 GB) - Green', 'Apple iPhone 13 Pro Max (256GB) - Sierra Blue']
2022-08-24 15:47:03,841 : INFO : test_fourthiphone_page : Successfully switch to the new tab and click on Buy Button
2022-08-24 15:47:03,886 : INFO : test_sign_page : Email id Entered
2022-08-24 15:47:04,921 : INFO : test_sign_page : Successfully click to the Continue Button
2022-08-24 15:47:04,921 : INFO : test_sign_page : Successfully click to the Continue Button
2022-08-24 15:47:04,948 : INFO : test_sign_page : Password Entered
2022-08-24 15:47:04,948 : INFO : test_sign_page : Password Entered
2022-08-24 15:47:04,948 : INFO : test_sign_page : Password Entered
2022-08-24 15:47:05,008 : INFO : test_sign_page : Successfully click Sign Button
2022-08-24 15:47:05,008 : INFO : test_sign_page : Successfully click Sign Button
2022-08-24 15:47:05,008 : INFO : test_sign_page : Successfully click Sign Button
2022-08-24 15:47:05,008 : INFO : test_sign_page : Successfully click Sign Button
2022-08-24 15:47:07,476 : INFO : test_sign_page : Message To better protect your account, please re-enter your password and then enter the characters as they are shown in the image below.
2022-08-24 15:47:07,476 : INFO : test_sign_page : Message To better protect your account, please re-enter your password and then enter the characters as they are shown in the image below.
2022-08-24 15:47:07,476 : INFO : test_sign_page : Message To better protect your account, please re-enter your password and then enter the characters as they are shown in the image below.
2022-08-24 15:47:07,476 : INFO : test_sign_page : Message To better protect your account, please re-enter your password and then enter the characters as they are shown in the image below.
2022-08-24 15:47:07,476 : INFO : test_sign_page : Message To better protect your account, please re-enter your password and then enter the characters as they are shown in the image below.
2022-08-24 15:47:07,537 : INFO : test_sign_page : Sign page closed
2022-08-24 15:47:07,537 : INFO : test_sign_page : Sign page closed
2022-08-24 15:47:07,537 : INFO : test_sign_page : Sign page closed
2022-08-24 15:47:07,537 : INFO : test_sign_page : Sign page closed
2022-08-24 15:47:07,537 : INFO : test_sign_page : Sign page closed
2022-08-24 15:47:07,537 : INFO : test_sign_page : Sign page closed
2022-08-24 15:48:59,537 : INFO : test_driver : Online Shopping site in India: Shop Online for Mobiles, Books, Watches, Shoes and More - Amazon.in
2022-08-24 15:48:59,679 : INFO : test_search : Iphone Search Successfully
2022-08-24 15:49:00,352 : INFO : test_results : Total Iphone from Results 1
2022-08-24 15:49:00,375 : INFO : test_results : Iphone List ['Apple iPhone 13 (128GB) - Green']
2022-08-24 15:49:00,375 : INFO : test_results : Iphone List ['Apple iPhone 13 (128GB) - Green']
2022-08-24 15:52:32,185 : INFO : test_driver : Online Shopping site in India: Shop Online for Mobiles, Books, Watches, Shoes and More - Amazon.in
2022-08-24 15:52:33,575 : INFO : test_search : Iphone Search Successfully
2022-08-24 15:52:33,604 : INFO : test_results : Total Iphone from Results 18
2022-08-24 15:52:33,849 : INFO : test_results : Iphone List ['Apple iPhone 13 (256GB) - Blue', 'Apple iPhone 13 Pro Max (128GB) - Sierra Blue', 'Apple iPhone 13 (128GB) - Green', 'Apple iPhone 13 (256GB) - Pink', 'Apple iPhone 13 (256GB) - Midnight', 'Apple iPhone 13 (256 GB) - Green', 'Apple iPhone 13 (256GB) - Starlight', 'Apple iPhone 13 (256GB) - Blue', 'Apple iPhone 13 (256GB) - (Product) RED', 'Apple iPhone 13 (512GB) - Blue', 'Apple iPhone 13 Mini (256GB) - Pink', 'Apple iPhone 13 Mini (256GB) - Blue', 'Apple iPhone 13 (512GB) - Starlight', 'Apple iPhone 13 (512GB) - (Product) RED', 'Apple iPhone 13 Mini (256GB) - Starlight', 'Apple iPhone 13 (512 GB) - Green', 'Apple iPhone 13 (512GB) - Pink', 'Apple iPhone 13 Pro Max (128GB) - Sierra Blue']
2022-08-24 15:52:33,849 : INFO : test_results : Iphone List ['Apple iPhone 13 (256GB) - Blue', 'Apple iPhone 13 Pro Max (128GB) - Sierra Blue', 'Apple iPhone 13 (128GB) - Green', 'Apple iPhone 13 (256GB) - Pink', 'Apple iPhone 13 (256GB) - Midnight', 'Apple iPhone 13 (256 GB) - Green', 'Apple iPhone 13 (256GB) - Starlight', 'Apple iPhone 13 (256GB) - Blue', 'Apple iPhone 13 (256GB) - (Product) RED', 'Apple iPhone 13 (512GB) - Blue', 'Apple iPhone 13 Mini (256GB) - Pink', 'Apple iPhone 13 Mini (256GB) - Blue', 'Apple iPhone 13 (512GB) - Starlight', 'Apple iPhone 13 (512GB) - (Product) RED', 'Apple iPhone 13 Mini (256GB) - Starlight', 'Apple iPhone 13 (512 GB) - Green', 'Apple iPhone 13 (512GB) - Pink', 'Apple iPhone 13 Pro Max (128GB) - Sierra Blue']
2022-08-24 15:52:39,433 : INFO : test_fourthiphone_page : Successfully switch to the new tab and click on Buy Button
2022-08-24 15:52:39,489 : INFO : test_sign_page : Email id Entered
2022-08-24 15:52:40,535 : INFO : test_sign_page : Successfully click to the Continue Button
2022-08-24 15:52:40,535 : INFO : test_sign_page : Successfully click to the Continue Button
2022-08-24 15:52:40,563 : INFO : test_sign_page : Password Entered
2022-08-24 15:52:40,563 : INFO : test_sign_page : Password Entered
2022-08-24 15:52:40,563 : INFO : test_sign_page : Password Entered
2022-08-24 15:52:40,624 : INFO : test_sign_page : Successfully click Sign Button
2022-08-24 15:52:40,624 : INFO : test_sign_page : Successfully click Sign Button
2022-08-24 15:52:40,624 : INFO : test_sign_page : Successfully click Sign Button
2022-08-24 15:52:40,624 : INFO : test_sign_page : Successfully click Sign Button
2022-08-24 15:52:42,963 : INFO : test_sign_page : Message To better protect your account, please re-enter your password and then enter the characters as they are shown in the image below.
2022-08-24 15:52:42,963 : INFO : test_sign_page : Message To better protect your account, please re-enter your password and then enter the characters as they are shown in the image below.
2022-08-24 15:52:42,963 : INFO : test_sign_page : Message To better protect your account, please re-enter your password and then enter the characters as they are shown in the image below.
2022-08-24 15:52:42,963 : INFO : test_sign_page : Message To better protect your account, please re-enter your password and then enter the characters as they are shown in the image below.
2022-08-24 15:52:42,963 : INFO : test_sign_page : Message To better protect your account, please re-enter your password and then enter the characters as they are shown in the image below.
2022-08-24 15:52:43,024 : INFO : test_sign_page : Sign page closed
2022-08-24 15:52:43,024 : INFO : test_sign_page : Sign page closed
2022-08-24 15:52:43,024 : INFO : test_sign_page : Sign page closed
2022-08-24 15:52:43,024 : INFO : test_sign_page : Sign page closed
2022-08-24 15:52:43,024 : INFO : test_sign_page : Sign page closed
2022-08-24 15:52:43,024 : INFO : test_sign_page : Sign page closed
2022-08-24 18:05:32,498 : INFO : test_driver : Online Shopping site in India: Shop Online for Mobiles, Books, Watches, Shoes and More - Amazon.in
2022-08-24 18:05:34,052 : INFO : test_search : Iphone Search Successfully
2022-08-24 18:05:34,083 : INFO : test_results : Total Iphone from Results 18
2022-08-24 18:05:34,321 : INFO : test_results : Iphone List ['Apple iPhone 13 (256GB) - Blue', 'Apple iPhone 13 Pro (128GB) - Sierra Blue', 'Apple iPhone 13 (128GB) - Green', 'Apple iPhone 13 (256GB) - Midnight', 'Apple iPhone 13 (256GB) - Pink', 'Apple iPhone 13 (256 GB) - Green', 'Apple iPhone 13 (256GB) - Starlight', 'Apple iPhone 13 (256GB) - Blue', 'Apple iPhone 13 (256GB) - (Product) RED', 'Apple iPhone 13 Mini (256GB) - Pink', 'Apple iPhone 13 Mini (256GB) - Blue', 'Apple iPhone 13 (512GB) - Starlight', 'Apple iPhone 13 (512GB) - (Product) RED', 'Apple iPhone 13 Mini (256GB) - Starlight', 'Apple iPhone 13 Mini (128GB) - (Product) RED', 'Apple iPhone 13 Pro Max (128GB) - Sierra Blue', 'Apple iPhone 13 Mini (256 GB) - Green', 'Apple iPhone 13 Pro (128GB) - Sierra Blue']
2022-08-24 18:05:34,321 : INFO : test_results : Iphone List ['Apple iPhone 13 (256GB) - Blue', 'Apple iPhone 13 Pro (128GB) - Sierra Blue', 'Apple iPhone 13 (128GB) - Green', 'Apple iPhone 13 (256GB) - Midnight', 'Apple iPhone 13 (256GB) - Pink', 'Apple iPhone 13 (256 GB) - Green', 'Apple iPhone 13 (256GB) - Starlight', 'Apple iPhone 13 (256GB) - Blue', 'Apple iPhone 13 (256GB) - (Product) RED', 'Apple iPhone 13 Mini (256GB) - Pink', 'Apple iPhone 13 Mini (256GB) - Blue', 'Apple iPhone 13 (512GB) - Starlight', 'Apple iPhone 13 (512GB) - (Product) RED', 'Apple iPhone 13 Mini (256GB) - Starlight', 'Apple iPhone 13 Mini (128GB) - (Product) RED', 'Apple iPhone 13 Pro Max (128GB) - Sierra Blue', 'Apple iPhone 13 Mini (256 GB) - Green', 'Apple iPhone 13 Pro (128GB) - Sierra Blue']
2022-08-24 18:05:39,484 : INFO : test_fourthiphone_page : Successfully switch to the new tab and click on Buy Button
2022-08-24 18:05:39,530 : INFO : test_sign_page : Email id Entered
2022-08-24 18:05:40,625 : INFO : test_sign_page : Successfully click to the Continue Button
2022-08-24 18:05:40,625 : INFO : test_sign_page : Successfully click to the Continue Button
2022-08-24 18:05:40,652 : INFO : test_sign_page : Password Entered
2022-08-24 18:05:40,652 : INFO : test_sign_page : Password Entered
2022-08-24 18:05:40,652 : INFO : test_sign_page : Password Entered
2022-08-24 18:05:40,719 : INFO : test_sign_page : Successfully click Sign Button
2022-08-24 18:05:40,719 : INFO : test_sign_page : Successfully click Sign Button
2022-08-24 18:05:40,719 : INFO : test_sign_page : Successfully click Sign Button
2022-08-24 18:05:40,719 : INFO : test_sign_page : Successfully click Sign Button
2022-08-24 18:05:43,189 : INFO : test_sign_page : Message To better protect your account, please re-enter your password and then enter the characters as they are shown in the image below.
2022-08-24 18:05:43,189 : INFO : test_sign_page : Message To better protect your account, please re-enter your password and then enter the characters as they are shown in the image below.
2022-08-24 18:05:43,189 : INFO : test_sign_page : Message To better protect your account, please re-enter your password and then enter the characters as they are shown in the image below.
2022-08-24 18:05:43,189 : INFO : test_sign_page : Message To better protect your account, please re-enter your password and then enter the characters as they are shown in the image below.
2022-08-24 18:05:43,189 : INFO : test_sign_page : Message To better protect your account, please re-enter your password and then enter the characters as they are shown in the image below.
2022-08-24 18:05:43,251 : INFO : test_sign_page : Sign page closed
2022-08-24 18:05:43,251 : INFO : test_sign_page : Sign page closed
2022-08-24 18:05:43,251 : INFO : test_sign_page : Sign page closed
2022-08-24 18:05:43,251 : INFO : test_sign_page : Sign page closed
2022-08-24 18:05:43,251 : INFO : test_sign_page : Sign page closed
2022-08-24 18:05:43,251 : INFO : test_sign_page : Sign page closed
2022-08-24 18:11:24,800 : INFO : test_driver : Online Shopping site in India: Shop Online for Mobiles, Books, Watches, Shoes and More - Amazon.in
2022-08-24 18:11:26,154 : INFO : test_search : Iphone Search Successfully
2022-08-24 18:11:26,187 : INFO : test_results : Total Iphone from Results 18
2022-08-24 18:11:26,424 : INFO : test_results : Iphone List ['Apple iPhone 13 (128GB) - Green', 'Apple iPhone 13 Pro (128GB) - Sierra Blue', 'Apple iPhone 13 (128GB) - Green', 'Apple iPhone 13 (256GB) - Midnight', 'Apple iPhone 13 (256GB) - Pink', 'Apple iPhone 13 (256 GB) - Green', 'Apple iPhone 13 (256GB) - Starlight', 'Apple iPhone 13 (256GB) - Blue', 'Apple iPhone 13 (256GB) - (Product) RED', 'Apple iPhone 13 (512GB) - Starlight', 'Apple iPhone 13 (512GB) - Blue', 'Apple iPhone 13 (512GB) - Pink', 'Apple iPhone 13 Mini (256GB) - Pink', 'Apple iPhone 13 (512 GB) - Green', 'Apple iPhone 13 Mini (256GB) - Blue', 'Apple iPhone 13 (512GB) - (Product) RED', 'Apple iPhone 13 Mini (256GB) - Starlight', 'Apple iPhone 13 Mini (128GB) - (Product) RED']
2022-08-24 18:11:26,424 : INFO : test_results : Iphone List ['Apple iPhone 13 (128GB) - Green', 'Apple iPhone 13 Pro (128GB) - Sierra Blue', 'Apple iPhone 13 (128GB) - Green', 'Apple iPhone 13 (256GB) - Midnight', 'Apple iPhone 13 (256GB) - Pink', 'Apple iPhone 13 (256 GB) - Green', 'Apple iPhone 13 (256GB) - Starlight', 'Apple iPhone 13 (256GB) - Blue', 'Apple iPhone 13 (256GB) - (Product) RED', 'Apple iPhone 13 (512GB) - Starlight', 'Apple iPhone 13 (512GB) - Blue', 'Apple iPhone 13 (512GB) - Pink', 'Apple iPhone 13 Mini (256GB) - Pink', 'Apple iPhone 13 (512 GB) - Green', 'Apple iPhone 13 Mini (256GB) - Blue', 'Apple iPhone 13 (512GB) - (Product) RED', 'Apple iPhone 13 Mini (256GB) - Starlight', 'Apple iPhone 13 Mini (128GB) - (Product) RED']
2022-08-24 18:11:31,765 : INFO : test_fourthiphone_page : Successfully switch to the new tab and click on Buy Button
2022-08-24 18:11:31,814 : INFO : test_sign_page : Email id Entered
2022-08-24 18:11:33,023 : INFO : test_sign_page : Successfully click to the Continue Button
2022-08-24 18:11:33,023 : INFO : test_sign_page : Successfully click to the Continue Button
2022-08-24 18:11:33,059 : INFO : test_sign_page : Password Entered
2022-08-24 18:11:33,059 : INFO : test_sign_page : Password Entered
2022-08-24 18:11:33,059 : INFO : test_sign_page : Password Entered
2022-08-24 18:11:33,123 : INFO : test_sign_page : Successfully click Sign Button
2022-08-24 18:11:33,123 : INFO : test_sign_page : Successfully click Sign Button
2022-08-24 18:11:33,123 : INFO : test_sign_page : Successfully click Sign Button
2022-08-24 18:11:33,123 : INFO : test_sign_page : Successfully click Sign Button
2022-08-24 18:11:35,491 : INFO : test_sign_page : Message To better protect your account, please re-enter your password and then enter the characters as they are shown in the image below.
2022-08-24 18:11:35,491 : INFO : test_sign_page : Message To better protect your account, please re-enter your password and then enter the characters as they are shown in the image below.
2022-08-24 18:11:35,491 : INFO : test_sign_page : Message To better protect your account, please re-enter your password and then enter the characters as they are shown in the image below.
2022-08-24 18:11:35,491 : INFO : test_sign_page : Message To better protect your account, please re-enter your password and then enter the characters as they are shown in the image below.
2022-08-24 18:11:35,491 : INFO : test_sign_page : Message To better protect your account, please re-enter your password and then enter the characters as they are shown in the image below.
2022-08-24 18:11:35,552 : INFO : test_sign_page : Sign page closed
2022-08-24 18:11:35,552 : INFO : test_sign_page : Sign page closed
2022-08-24 18:11:35,552 : INFO : test_sign_page : Sign page closed
2022-08-24 18:11:35,552 : INFO : test_sign_page : Sign page closed
2022-08-24 18:11:35,552 : INFO : test_sign_page : Sign page closed
2022-08-24 18:11:35,552 : INFO : test_sign_page : Sign page closed
